1538032954742	mozrunner::runner	INFO	Running command: "C:\\Program Files\\Mozilla Firefox\\firefox.exe" "-marionette" "-foreground" "-no-remote" "-profile" "C:\\Users\\javel\\AppData\\Local\\Temp\\rust_mozprofile.4NhFWiekOi2W"
1538032959177	Marionette	INFO	Listening on port 63972
1538032959662	Marionette	WARN	TLS certificate errors will be ignored for this session
1538032962254	Marionette	DEBUG	[6442450945] Frame script loaded
1538032962261	Marionette	DEBUG	[6442450945] Frame script registered
[Child 3628, Chrome_ChildThread] WARNING: pipe error: 109: file z:/build/build/src/ipc/chromium/src/chrome/common/ipc_channel_win.cc, line 346
[Child 3628, C[Parent 15880, Gecko_IOThread] WARNING: pipe error: 109: file z:/build/build/src/ipc/chromium/src/chrome/common/ipc_channel_win.cc, line 346
1538032972291	Marionette	INFO	Stopped listening on port 63972

###!!! [Child][MessageChannel::SendAndWait] Error: Channel error: cannot send/recv

1538033014585	mozrunner::runner	INFO	Running command: "C:\\Program Files\\Mozilla Firefox\\firefox.exe" "-marionette" "-foreground" "-no-remote" "-profile" "C:\\Users\\javel\\AppData\\Local\\Temp\\rust_mozprofile.NXZEoydTuUlN"
1538033018185	Marionette	INFO	Listening on port 64122
1538033018409	Marionette	WARN	TLS certificate errors will be ignored for this session
1538033018469	Marionette	DEBUG	[6442450945] Frame script loaded
1538033018470	Marionette	DEBUG	[6442450945] Frame script registered
[Child 8596, Chrome_ChildThread] WARNING: pipe error: 109: file z:/build/build/src/ipc/chromium/src/chrome/common/ipc_channel_win.cc, line 346[Child 1532, Chrome_ChildThread] WARNING: pipe error: 109: file z:/build/build/src/ipc/chromium/src/chrome/common/ipc_channel_win.cc, line 346

[Child 8[Child 153[Parent 4164, Gecko_IOThread] WARNING: file z:/build/build/src/ipc/chromium/src/base/process_util_win.cc, line 188
1538033034176	Marionette	INFO	Stopped listening on port 64122

###!!! [Child][MessageChannel::SendAndWait] Error: Channel error: cannot send/recv

1538033064661	mozrunner::runner	INFO	Running command: "C:\\Program Files\\Mozilla Firefox\\firefox.exe" "-marionette" "-foreground" "-no-remote" "-profile" "C:\\Users\\javel\\AppData\\Local\\Temp\\rust_mozprofile.0NuSi6iFyjdl"
1538033068176	Marionette	INFO	Listening on port 64234
1538033068500	Marionette	WARN	TLS certificate errors will be ignored for this session
1538033068557	Marionette	DEBUG	[6442450945] Frame script loaded
1538033068559	Marionette	DEBUG	[6442450945] Frame script registered
[Child 16904, Chrome_ChildThread] WARNING: pipe error: 109: file z:/build/build/src/ipc/chromium/src/chrome/common/ipc_channel_win.cc, line 346[Child 17484, Chrome_ChildThread] WARNING: pipe error: 109: file z:/build/build/src/ipc/chromium/src/chrome/common/ipc_channel_win.cc, line 346

[Child 16904, [Ch1538033381480	Marionette	INFO	Stopped listening on port 64234
[GPU 4828, Chrom
###!!! [Child][MessageChannel::SendAndWait] Error: Channel error: cannot send/recv

sIPrefBranch.removeObserver]"  nsresult: "0x80070057 (NS_ERROR_ILLEGAL_VALUE)"  location: "JS frame :: resource://activity-stream/lib/ActivityStreamPrefs.jsm :: ignoreBranch :: line 29"  data: no] Stack trace: ignoreBranch()@resource://activity-stream/lib/ActivityStreamPrefs.jsm:29
uninit()@resource://activity-stream/lib/Store.jsm:172
uninit()@resource://activity-stream/lib/ActivityStream.jsm:363
uninit()@resource://gre/modules/addons/XPIProvider.jsm -> jar:file:///C:/Program%20Files/Mozilla%20Firefox/browser/features/activity-stream@mozilla.org.xpi!/bootstrap.js:86
shutdown()@resource://gre/modules/addons/XPIProvider.jsm -> jar:file:///C:/Program%20Files/Mozilla%20Firefox/browser/features/activity-stream@mozilla.org.xpi!/bootstrap.js:194
callBootstrapMethod()@resource://gre/modules/addons/XPIProvider.jsm:1592
_shutdown()@resource://gre/modules/addons/XPIProvider.jsm:1728
observe()@resource://gre/modules/AsyncShutdown.jsm:541
1538033116074	Marionette	WARN	TLS certificate errors will be ignored for this session
[Child 17980, Chrome_ChildThread] WARNING: pipe error: 109: file z:/build/build/src/ipc/chromium/src/chrome/common/ipc_channel_win.cc, line 346
[Child 17980, Chrome_ChildThread] WARNING: [Parent 6104, Gecko_IOThread] WARNING: pipe error: 109: file z:/build/build/src/ipc/chromium/src/chrome/common/ipc_channel_win.cc, line 346
1538033118911	Marionette	INFO	Stopped listening on port 64350

###!!! [Child][MessageChannel::SendAndWait] Error: Channel error: cannot send/recv

1538033218705	mozrunner::runner	INFO	Running command: "C:\\Program Files\\Mozilla Firefox\\firefox.exe" "-marionette" "-foreground" "-no-remote" "-profile" "C:\\Users\\javel\\AppData\\Local\\Temp\\rust_mozprofile.Jcf6HzV34PVI"
1538033222144	Marionette	INFO	Listening on port 64535
1538033222521	Marionette	WARN	TLS certificate errors will be ignored for this session
1538033222578	Marionette	DEBUG	[6442450945] Frame script loaded
1538033222690	Marionette	DEBUG	[6442450945] Frame script registered
1538033222707	Marionette	DEBUG	[6442450945] Received DOM event beforeunload for about:blank
1538033223501	Marionette	DEBUG	[6442450945] Received DOM event pagehide for about:blank
1538033226252	Marionette	DEBUG	[6442450945] Received DOM event DOMContentLoaded for https://www.youtube.com/watch?v=EpEIieIdToU
1538033228174	Marionette	DEBUG	[6442450945] Received DOM event pageshow for https://www.youtube.com/watch?v=EpEIieIdToU
IPDL protocol error: Handler returned error code!

###!!! [Parent][DispatchAsyncMessage] Error: PImageBridge::Msg_Update Processing error: message was deserialized, but the handler returned false (indicating failure)

IPDL protocol error: Handler returned error code!

###!!! [Parent][DispatchAsyncMessage] Error: PImageBridge::Msg_Update Processing error: message was deserialized, but the handler returned false (indicating failure)

[Parent 14512, Gecko_IOThread] WARNING: pipe error: 109: file z:/build/build/src/ipc/chromium/src/chrome/common/ipc_channel_win.cc, line 346
[Child 17948, Chrome_ChildThread] WARNING: pipe error: 109: file z:/build/build/src/ipc/chromium/src/chrome/common/ipc_channel_win.cc, line 346
[Child 17948, IPDL protocol error: Handler returned error code!

###!!! [Parent][DispatchAsyncMessage] Error: PImageBridge::Msg_Update Processing error: message was deserialized, but the handler returned false (indicating failure)

IPDL protocol error: Handler returned error code!

###!!! [Parent][DispatchAsyncMessage] Error: PImageBridge::Msg_Update Processing error: message was deserialized, but the handler returned false (indicating failure)

[Child 15481538033233855	Marionette	INFO	Stopped listening on port 64535

###!!! [Child][MessageChannel::SendAndWait] Error: Channel error: cannot send/recv

1538033254167	mozrunner::runner	INFO	Running command: "C:\\Program Files\\Mozilla Firefox\\firefox.exe" "-marionette" "-foreground" "-no-remote" "-profile" "C:\\Users\\javel\\AppData\\Local\\Temp\\rust_mozprofile.NPCV1qVdojnj"
1538033257977	Marionette	INFO	Listening on port 64678
1538033257990	Marionette	WARN	TLS certificate errors will be ignored for this session
1538033258052	Marionette	DEBUG	[6442450945] Frame script loaded
1538033258053	Marionette	DEBUG	[6442450945] Frame script registered
[Child 11308, Chrome_ChildThread] WARNING: pipe error: 109: file z:/build/build/src/ipc/chromium/src/chrome/common/ipc_channel_win.cc, line 346[Child 3496, Chrome_ChildThread] WARNING: pipe error: 109: file z:/build/build/src/ipc/chromium/src/chrome/common/ipc_channel_win.cc, line 346

[Child 3496, Chr[Child 18268, Chrome_ChildThread] WARNING: pipe error: 109: file z:/build/build/src/ipc/chromium/src/chrome/common/ipc_channel_win.cc, line 346
[Child 18268, Chrome_1538033380573	Marionette	INFO	Stopped listening on port 64678
[GPU 17788, C
###!!! [Child][MessageChannel::SendAndWait] Error: Channel error: cannot send/recv

, line 346
[Child 5944, Chrome_C1538033301213	Marionette	INFO	Stopped listening on port 64774

###!!! [Child][MessageChannel::SendAndWait] Error: Channel error: cannot send/recv

1538033357271	mozrunner::runner	INFO	Running command: "C:\\Program Files\\Mozilla Firefox\\firefox.exe" "-marionette" "-foreground" "-no-remote" "-profile" "C:\\Users\\javel\\AppData\\Local\\Temp\\rust_mozprofile.ZKiOmxTVvZLo"
1538033360843	Marionette	INFO	Listening on port 64914
1538033361087	Marionette	WARN	TLS certificate errors will be ignored for this session
1538033363726	Marionette	DEBUG	[6442450945] Frame script loaded
1538033363729	Marionette	DEBUG	[6442450945] Frame script registered
[Child 10956, Chrome_ChildThread] WARNING: pipe error: 109: file z:/build/build/src/ipc/chromium/src/chrome/common/ipc_channel_win.cc, line 346
[Child 10956, Chrom[Parent 12044, Gecko_IOThread] WARNING: pipe error: 109: file z:/build/build/src/ipc/chromium/src/chrome/common/ipc_channel_win.cc, line 346
[Child 10472, Chrome_ChildThread] WARNING: pipe error: 109: file z:/build/build/src/ipc/chromium/src/chrome/common/ipc_channel_win.cc, line 346
[Child 10472, Chrome_Ch1538033377619	Marionette	INFO	Stopped listening on port 64914
[GPU 260
###!!! [Child][MessageChannel::SendAndWait] Error: Channel error: cannot send/recv

1538033716787	mozrunner::runner	INFO	Running command: "C:\\Program Files\\Mozilla Firefox\\firefox.exe" "-marionette" "-foreground" "-no-remote" "-profile" "C:\\Users\\javel\\AppData\\Local\\Temp\\rust_mozprofile.1l24fFfmjgYh"
1538033720231	Marionette	INFO	Listening on port 49232
1538033720607	Marionette	WARN	TLS certificate errors will be ignored for this session
1538033720672	Marionette	DEBUG	[6442450945] Frame script loaded
1538033720674	Marionette	DEBUG	[6442450945] Frame script registered
[Parent 12388, Gecko_IOThread] WARNING: pipe error: 109: file z:/build/build/src/ipc/chromium/src/chrome/common/ipc_channel_win.cc, line 346
[Child 5652, Chrome_ChildThread] WARNING: pipe error: 109: file z:/build/build/src/ipc/chromium/src/chrome/common/ipc_channel_win.cc, line 346
[Child 5652, Chrom1538033724374	Marionette	INFO	Stopped listening on port 49232
[GPU 17092, C
###!!! [Child][MessageChannel::SendAndWait] Error: Channel error: cannot send/recv

1538034820911	mozrunner::runner	INFO	Running command: "C:\\Program Files\\Mozilla Firefox\\firefox.exe" "-marionette" "-foreground" "-no-remote" "-profile" "C:\\Users\\javel\\AppData\\Local\\Temp\\rust_mozprofile.O7bboBBB64yC"
1538034824475	Marionette	INFO	Listening on port 51586
1538034824726	Marionette	WARN	TLS certificate errors will be ignored for this session
1538034824786	Marionette	DEBUG	[6442450945] Frame script loaded
1538034824787	Marionette	DEBUG	[6442450945] Frame script registered
[Child 8960, Chrome_ChildThread] WARNING: pipe error: 109: file z:/build/build/src/ipc/chromium/src/chrome/common/ipc_channel_win.cc, line 346
[Child 8960, Chrome_Ch1538035148720	Marionette	INFO	Stopped listening on port 51586
[GPU 11864, 
###!!! [Child][MessageChannel::SendAndWait] Error: Channel error: cannot send/recv

rrors will be ignored for this session
1538034894536	Marionette	DEBUG	[6442450945] Frame script loaded
1538034894537	Marionette	DEBUG	[6442450945] Frame script registered
[Child 17368, Chrome_ChildThread] WARNING: pipe error: 109: file z:/build/build/src/ipc/chromium/src/chrome/common/ipc_channel_win.cc, line 346
[Child 17368, Chro[Child 15864, Chrome_ChildThread] WARNING: pipe error: 109: file z:/build/build/src/ipc/chromium/src/chrome/common/ipc_channel_win.cc, line 346
[Child 15864, Chrome_ChildThre[Parent 9664, Gecko_IOThread] WARNING: pipe error: 109: file z:/build/build/src/ipc/chromium/src/chrome/common/ipc_channel_win.cc, line 346
[Child 15152, Chrome_ChildThread] WARNING: pipe error: 109: file z:/build/build/src/ipc/chromium/src/chrome/common/ipc_channel_win.cc, line 346
[Child 15152, Chrome1538035265862	Marionette	INFO	Stopped listening on port 51720
[GPU 3460, Chrome
###!!! [Child][MessageChannel::SendAndWait] Error: Channel error: cannot send/recv

38035031169	Marionette	INFO	Stopped listening on port 51947
[GPU 15564, C
###!!! [Child][MessageChannel::SendAndWait] Error: Channel error: cannot send/recv

1538035173305	mozrunner::runner	INFO	Running command: "C:\\Program Files\\Mozilla Firefox\\firefox.exe" "-marionette" "-foreground" "-no-remote" "-profile" "C:\\Users\\javel\\AppData\\Local\\Temp\\rust_mozprofile.ZpmkBq9m6NGE"
1538035176974	Marionette	INFO	Listening on port 52307
1538035177123	Marionette	WARN	TLS certificate errors will be ignored for this session
1538035177181	Marionette	DEBUG	[6442450945] Frame script loaded
1538035177183	Marionette	DEBUG	[6442450945] Frame script registered
1538035177201	Marionette	DEBUG	[6442450945] Received DOM event beforeunload for about:blank
1538035178064	Marionette	DEBUG	[6442450945] Received DOM event pagehide for about:blank
1538035179406	Marionette	DEBUG	[6442450945] Received DOM event DOMContentLoaded for https://www.youtube.com/watch?v=1G4isv_Fylg
1538035180198	Marionette	DEBUG	[6442450945] Received DOM event pageshow for https://www.youtube.com/watch?v=1G4isv_Fylg

###!!! [Child][MessageChannel] Error: (msgtype=0x4A000E,name=PHttpChannel::Msg_DeletingChannel) Channel closing: too late to send/recv, messages will be lost

[Child 13804, Chrome_ChildThread] WARNING: pipe error: 109: file z:/build/build/sr
###!!! [Child][MessageChannel] Error: (msgtype=0x4A000E,name=PHttpChannel::Msg_DeletingChannel) Channel closing: too late to send/recv, messages will be lost

c/ipc/chromium/src/chrome/common/ipc_channel_win.cc, line 346
[Child 13804, Chrome_ChildThread] WARNING: pipe 1538035181434	Marionette	INFO	Stopped listening on port 52307
[GPU 8964, C
###!!! [Child][MessageChannel::SendAndWait] Error: Channel error: cannot send/recv

1538035184938	mozrunner::runner	INFO	Running command: "C:\\Program Files\\Mozilla Firefox\\firefox.exe" "-marionette" "-foreground" "-no-remote" "-profile" "C:\\Users\\javel\\AppData\\Local\\Temp\\rust_mozprofile.vFFMlnVJfKiu"
1538035187916	Marionette	INFO	Listening on port 52383
1538035188156	Marionette	WARN	TLS certificate errors will be ignored for this session
1538035188213	Marionette	DEBUG	[6442450945] Frame script loaded
1538035188214	Marionette	DEBUG	[6442450945] Frame script registered
1538035201308	Marionette	INFO	Stopped listening on port 52383
[GPU 1192, Chr
###!!! [Child][MessageChannel::SendAndWait] Error: Channel error: cannot send/recv

1538035204979	mozrunner::runner	INFO	Running command: "C:\\Program Files\\Mozilla Firefox\\firefox.exe" "-marionette" "-foreground" "-no-remote" "-profile" "C:\\Users\\javel\\AppData\\Local\\Temp\\rust_mozprofile.zK26fQKiQ5rA"
1538035207736	Marionette	INFO	Listening on port 52430
1538035208196	Marionette	WARN	TLS certificate errors will be ignored for this session
1538035208253	Marionette	DEBUG	[6442450945] Frame script loaded
1538035208255	Marionette	DEBUG	[6442450945] Frame script registered
[Parent 8736, Gecko_IOThread] WARNING: file z:/build/build/src/ipc/chromium/src/base/process_util_win.cc, line 188
[Parent 8736, Gecko_IOThread] WARNING: pipe error: 109: file z:/build/build/src/ipc/chromium/src/chrome/common/ipc_channel_win.cc, line 346
1538035218875	Marionette	INFO	Stopped listening on port 52430
[GPU 8504
###!!! [Child][MessageChannel::SendAndWait] Error: Channel error: cannot send/recv

1538035290086	mozrunner::runner	INFO	Running command: "C:\\Program Files\\Mozilla Firefox\\firefox.exe" "-marionette" "-foreground" "-no-remote" "-profile" "C:\\Users\\javel\\AppData\\Local\\Temp\\rust_mozprofile.IW2uzxEkiFYh"
1538035293029	Marionette	INFO	Listening on port 52665
1538035293304	Marionette	WARN	TLS certificate errors will be ignored for this session
1538035293374	Marionette	DEBUG	[6442450945] Frame script loaded
1538035293375	Marionette	DEBUG	[6442450945] Frame script registered
[Child 12588, Chrome_ChildThread] WARNING: pipe error: 109: file z:/build/build/src/ipc/chromium/src/chrome/common/ipc_channel_win.cc, line 346[
Child 14784, Chrome_ChildThread] WARNING: pipe error: 109: file z:/build/build/src/ipc/chromium/src/chrome/common/ipc_channel_win.cc, line 346
[Child 14784, 1538035436324	Marionette	INFO	Stopped listening on port 52665
[GPU 9624
###!!! [Child][MessageChannel::SendAndWait] Error: Channel error: cannot send/recv

